"../../../Engine/Content/EngineMeshes/Humanoid.uasset" 0
"../../../../../../Documents/Unreal Projects/ThirdPersonProto1/Content/ExtraAnimations/MixamoSetup/Crouching_Idle__with_skin__Skeleton.uasset" 1
"../../../Engine/Content/Animation/DefaultAnimCurveCompressionSettings.uasset" 2
"../../../Engine/Content/Animation/DefaultAnimBoneCompressionSettings.uasset" 3
"../../../../../../Documents/Unreal Projects/ThirdPersonProto1/Content/ExtraAnimations/MixamoSetup/Crouched_Walking.uasset" 4
"../../../../../../Documents/Unreal Projects/ThirdPersonProto1/Content/ExtraAnimations/MixamoSetup/Crouching_Idle.uasset" 5
"../../../../../../Documents/Unreal Projects/ThirdPersonProto1/Content/ExtraAnimations/MixamoSetup/Crouching_Idle__with_skin__PhysicsAsset.uasset" 6
"../../../../../../Documents/Unreal Projects/ThirdPersonProto1/Content/ExtraAnimations/MixamoSetup/Beta_Joints_MAT.uasset" 7
"../../../../../../Documents/Unreal Projects/ThirdPersonProto1/Content/ExtraAnimations/MixamoSetup/Beta_HighLimbsGeoSG2.uasset" 8
"../../../../../../Documents/Unreal Projects/ThirdPersonProto1/Content/ExtraAnimations/MixamoSetup/Crouching_Idle__with_skin_.uasset" 9
"../../../../../../Documents/Unreal Projects/ThirdPersonProto1/Content/ExtraAnimations/MixamoSetup/Crouching_Idle__with_skin__Anim_mixamo_com.uasset" 10
"../../../../../../Documents/Unreal Projects/ThirdPersonProto1/Content/ExtraAnimations/MixamoSetup/Crouching_Idle__with_skin__Anim_Take_001.uasset" 11
"../../../../../../Documents/Unreal Projects/ThirdPersonProto1/Content/ExtraAnimations/MixamoSetup/MixamoBoneMapping.uasset" 12
"../../../../../../Documents/Unreal Projects/ThirdPersonProto1/Content/Audio/footstep.uasset" 13
"../../../../../../Documents/Unreal Projects/ThirdPersonProto1/Content/Audio/SC_Footstep.uasset" 14
"../../../../../../Documents/Unreal Projects/ThirdPersonProto1/Content/Mannequin/Character/Mesh/UE4_Mannequin_Skeleton.uasset" 15
"../../../../../../Documents/Unreal Projects/ThirdPersonProto1/Content/Mannequin/Animations/ThirdPersonJump_End.uasset" 16
"../../../../../../Documents/Unreal Projects/ThirdPersonProto1/Content/Mannequin/Character/Mesh/SK_Mannequin_Female_PhysicsAsset.uasset" 17
"../../../../../../Documents/Unreal Projects/ThirdPersonProto1/Content/Mannequin/Character/Textures/T_UE4Logo_N.uasset" 18
"../../../../../../Documents/Unreal Projects/ThirdPersonProto1/Content/Mannequin/Character/Textures/T_UE4Logo_Mask.uasset" 19
"../../../../../../Documents/Unreal Projects/ThirdPersonProto1/Content/Mannequin/Character/Textures/T_Male_N.uasset" 20
"../../../../../../Documents/Unreal Projects/ThirdPersonProto1/Content/Mannequin/Character/Textures/T_Male_Mask.uasset" 21
"../../../../../../Documents/Unreal Projects/ThirdPersonProto1/Content/Mannequin/Character/Materials/MaterialLayers/T_ML_Rubber_Blue_01_N.uasset" 22
"../../../../../../Documents/Unreal Projects/ThirdPersonProto1/Content/Mannequin/Character/Materials/MaterialLayers/T_ML_Rubber_Blue_01_D.uasset" 23
"../../../../../../Documents/Unreal Projects/ThirdPersonProto1/Content/Mannequin/Character/Materials/MaterialLayers/T_ML_Aluminum01_N.uasset" 24
"../../../../../../Documents/Unreal Projects/ThirdPersonProto1/Content/Mannequin/Character/Materials/MaterialLayers/T_ML_Aluminum01.uasset" 25
"../../../../../../Documents/Unreal Projects/ThirdPersonProto1/Content/Mannequin/Character/Materials/MaterialLayers/ML_SoftMetal_UE4.uasset" 26
"../../../../../../Documents/Unreal Projects/ThirdPersonProto1/Content/Mannequin/Character/Materials/MaterialLayers/ML_Plastic_Shiny_Beige_LOGO.uasset" 27
"../../../../../../Documents/Unreal Projects/ThirdPersonProto1/Content/Mannequin/Character/Materials/MaterialLayers/ML_Plastic_Shiny_Beige.uasset" 28
"../../../../../../Documents/Unreal Projects/ThirdPersonProto1/Content/Mannequin/Character/Materials/MaterialLayers/ML_GlossyBlack_Latex_UE4.uasset" 29
"../../../Engine/Content/Functions/MaterialLayerFunctions/MatLayerBlend_Simple.uasset" 30
"../../../Engine/Content/Functions/Engine_MaterialFunctions02/Utility/BlendAngleCorrectedNormals.uasset" 31
"../../../Engine/Content/Functions/MaterialLayerFunctions/MatLayerBlend_NormalBlend.uasset" 32
"../../../../../../Documents/Unreal Projects/ThirdPersonProto1/Content/Mannequin/Character/Materials/M_Male_Body.uasset" 33
"../../../../../../Documents/Unreal Projects/ThirdPersonProto1/Content/Mannequin/Character/Materials/M_UE4Man_ChestLogo.uasset" 34
"../../../../../../Documents/Unreal Projects/ThirdPersonProto1/Content/Mannequin/Character/Textures/T_Female_N.uasset" 35
"../../../../../../Documents/Unreal Projects/ThirdPersonProto1/Content/Mannequin/Character/Textures/T_Female_Mask.uasset" 36
"../../../../../../Documents/Unreal Projects/ThirdPersonProto1/Content/Mannequin/Character/Materials/MI_Female_Body.uasset" 37
"../../../../../../Documents/Unreal Projects/ThirdPersonProto1/Content/Mannequin/Character/Mesh/SK_Mannequin_Female.uasset" 38
"../../../../../../Documents/Unreal Projects/ThirdPersonProto1/Content/StarterContent/Materials/M_Basic_Wall.uasset" 39
"../../../../../../Documents/Unreal Projects/ThirdPersonProto1/Content/StarterContent/Architecture/Pillar_50x500.uasset" 40
"../../../../../../Documents/Unreal Projects/ThirdPersonProto1/Content/StarterContent/Architecture/Wall_400x300.uasset" 41
"../../../../../../Documents/Unreal Projects/ThirdPersonProto1/Content/StarterContent/Architecture/Wall_400x400.uasset" 42
"../../../../../../Documents/Unreal Projects/ThirdPersonProto1/Content/StarterContent/Architecture/Wall_500x500.uasset" 43
"../../../../../../Documents/Unreal Projects/ThirdPersonProto1/Content/StarterContent/Architecture/Wall_Door_400x400.uasset" 44
"../../../../../../Documents/Unreal Projects/ThirdPersonProto1/Content/StarterContent/Architecture/Wall_Window_400x400.uasset" 45
"../../../../../../Documents/Unreal Projects/ThirdPersonProto1/Content/StarterContent/Audio/Collapse01.uasset" 46
"../../../../../../Documents/Unreal Projects/ThirdPersonProto1/Content/StarterContent/Audio/Collapse02.uasset" 47
"../../../../../../Documents/Unreal Projects/ThirdPersonProto1/Content/StarterContent/Audio/Explosion01.uasset" 48
"../../../../../../Documents/Unreal Projects/ThirdPersonProto1/Content/StarterContent/Audio/Explosion02.uasset" 49
"../../../../../../Documents/Unreal Projects/ThirdPersonProto1/Content/StarterContent/Audio/Fire01.uasset" 50
"../../../../../../Documents/Unreal Projects/ThirdPersonProto1/Content/StarterContent/Audio/Fire_Sparks01.uasset" 51
"../../../../../../Documents/Unreal Projects/ThirdPersonProto1/Content/StarterContent/Audio/Light01.uasset" 52
"../../../../../../Documents/Unreal Projects/ThirdPersonProto1/Content/StarterContent/Audio/Light01_Cue.uasset" 53
"../../../../../../Documents/Unreal Projects/ThirdPersonProto1/Content/StarterContent/Audio/Light02.uasset" 54
"../../../../../../Documents/Unreal Projects/ThirdPersonProto1/Content/StarterContent/Audio/Light02_Cue.uasset" 55
"../../../../../../Documents/Unreal Projects/ThirdPersonProto1/Content/StarterContent/Audio/Smoke01.uasset" 56
"../../../../../../Documents/Unreal Projects/ThirdPersonProto1/Content/StarterContent/Audio/Starter_Birds01.uasset" 57
"../../../../../../Documents/Unreal Projects/ThirdPersonProto1/Content/StarterContent/Audio/Starter_Music01.uasset" 58
"../../../../../../Documents/Unreal Projects/ThirdPersonProto1/Content/StarterContent/Audio/Starter_Wind05.uasset" 59
"../../../../../../Documents/Unreal Projects/ThirdPersonProto1/Content/StarterContent/Audio/Starter_Wind06.uasset" 60
"../../../../../../Documents/Unreal Projects/ThirdPersonProto1/Content/StarterContent/Audio/Steam01.uasset" 61
"../../../../../../Documents/Unreal Projects/ThirdPersonProto1/Content/StarterContent/Textures/T_Smoke_Tiled_D.uasset" 62
"../../../../../../Documents/Unreal Projects/ThirdPersonProto1/Content/StarterContent/Textures/T_Smoke_SubUV.uasset" 63
"../../../../../../Documents/Unreal Projects/ThirdPersonProto1/Content/StarterContent/Particles/Materials/M_smoke_subUV.uasset" 64
"../../../Engine/Content/Functions/Engine_MaterialFunctions01/Gradient/RadialGradient.uasset" 65
"../../../../../../Documents/Unreal Projects/ThirdPersonProto1/Content/StarterContent/Particles/Materials/M_radial_ramp.uasset" 66
"../../../../../../Documents/Unreal Projects/ThirdPersonProto1/Content/StarterContent/Particles/Materials/m_flare_01.uasset" 67
"../../../../../../Documents/Unreal Projects/ThirdPersonProto1/Content/StarterContent/Textures/T_Explosion_SubUV.uasset" 68
"../../../../../../Documents/Unreal Projects/ThirdPersonProto1/Content/StarterContent/Particles/Materials/M_explosion_subUV.uasset" 69
"../../../../../../Documents/Unreal Projects/ThirdPersonProto1/Content/StarterContent/Textures/T_Burst_M.uasset" 70
"../../../../../../Documents/Unreal Projects/ThirdPersonProto1/Content/StarterContent/Particles/Materials/M_Burst.uasset" 71
"../../../../../../Documents/Unreal Projects/ThirdPersonProto1/Content/StarterContent/Particles/P_Explosion.uasset" 72
"../../../../../../Documents/Unreal Projects/ThirdPersonProto1/Content/StarterContent/Audio/Explosion_Cue.uasset" 73
"../../../../../../Documents/Unreal Projects/ThirdPersonProto1/Content/StarterContent/Blueprints/Blueprint_Effect_Explosion.uasset" 74
"../../../Engine/Content/EditorMeshes/ColorCalibrator/T_ColorGrid.uasset" 75
"../../../../../../Documents/Unreal Projects/ThirdPersonProto1/Content/StarterContent/Materials/M_ColorGrid_LowSpec.uasset" 76
"../../../../../../Documents/Unreal Projects/ThirdPersonProto1/Content/StarterContent/Textures/T_Bush_N.uasset" 77
"../../../../../../Documents/Unreal Projects/ThirdPersonProto1/Content/StarterContent/Textures/T_Bush_D.uasset" 78
"../../../../../../Documents/Unreal Projects/ThirdPersonProto1/Content/StarterContent/Props/Materials/M_Bush.uasset" 79
"../../../../../../Documents/Unreal Projects/ThirdPersonProto1/Content/StarterContent/Props/SM_Bush.uasset" 80
"../../../../../../Documents/Unreal Projects/ThirdPersonProto1/Content/StarterContent/Textures/T_Chair_N.uasset" 81
"../../../../../../Documents/Unreal Projects/ThirdPersonProto1/Content/StarterContent/Textures/T_Chair_M.uasset" 82
"../../../../../../Documents/Unreal Projects/ThirdPersonProto1/Content/StarterContent/Props/Materials/M_Chair.uasset" 83
"../../../../../../Documents/Unreal Projects/ThirdPersonProto1/Content/StarterContent/Props/SM_Couch.uasset" 84
"../../../../../../Documents/Unreal Projects/ThirdPersonProto1/Content/StarterContent/Textures/T_Door_N.uasset" 85
"../../../../../../Documents/Unreal Projects/ThirdPersonProto1/Content/StarterContent/Textures/T_Door_M.uasset" 86
"../../../../../../Documents/Unreal Projects/ThirdPersonProto1/Content/StarterContent/Props/Materials/M_Door.uasset" 87
"../../../../../../Documents/Unreal Projects/ThirdPersonProto1/Content/StarterContent/Materials/M_Glass.uasset" 88
"../../../../../../Documents/Unreal Projects/ThirdPersonProto1/Content/StarterContent/Props/SM_Door.uasset" 89
"../../../../../../Documents/Unreal Projects/ThirdPersonProto1/Content/StarterContent/Props/Materials/M_MaterialSphere_Plain.uasset" 90
"../../../../../../Documents/Unreal Projects/ThirdPersonProto1/Content/StarterContent/Props/Materials/M_MaterialSphere.uasset" 91
"../../../../../../Documents/Unreal Projects/ThirdPersonProto1/Content/StarterContent/Props/SM_MatPreviewMesh_02.uasset" 92
"../../../../../../Documents/Unreal Projects/ThirdPersonProto1/Content/StarterContent/Textures/T_Rock_Basalt_D.uasset" 93
"../../../../../../Documents/Unreal Projects/ThirdPersonProto1/Content/StarterContent/Textures/T_RockMesh_N.uasset" 94
"../../../../../../Documents/Unreal Projects/ThirdPersonProto1/Content/StarterContent/Textures/T_RockMesh_M.uasset" 95
"../../../../../../Documents/Unreal Projects/ThirdPersonProto1/Content/StarterContent/Textures/T_Detail_Rocky_N.uasset" 96
"../../../../../../Documents/Unreal Projects/ThirdPersonProto1/Content/StarterContent/Props/Materials/M_Rock.uasset" 97
"../../../../../../Documents/Unreal Projects/ThirdPersonProto1/Content/StarterContent/Props/SM_Rock.uasset" 98
"../../../../../../Documents/Unreal Projects/ThirdPersonProto1/Content/StarterContent/Textures/T_Shelf_N.uasset" 99
"../../../../../../Documents/Unreal Projects/ThirdPersonProto1/Content/StarterContent/Textures/T_Shelf_M.uasset" 100
"../../../../../../Documents/Unreal Projects/ThirdPersonProto1/Content/StarterContent/Props/Materials/M_Shelf.uasset" 101
"../../../../../../Documents/Unreal Projects/ThirdPersonProto1/Content/StarterContent/Props/SM_Shelf.uasset" 102
"../../../../../../Documents/Unreal Projects/ThirdPersonProto1/Content/StarterContent/Materials/M_Basic_Floor.uasset" 103
"../../../../../../Documents/Unreal Projects/ThirdPersonProto1/Content/StarterContent/Props/SM_Stairs.uasset" 104
"../../../../../../Documents/Unreal Projects/ThirdPersonProto1/Content/StarterContent/Shapes/Shape_Cone.uasset" 105
"../../../../../../Documents/Unreal Projects/ThirdPersonProto1/Content/StarterContent/Shapes/Shape_Cylinder.uasset" 106
"../../../../../../Documents/Unreal Projects/ThirdPersonProto1/Content/StarterContent/Shapes/Shape_NarrowCapsule.uasset" 107
"../../../../../../Documents/Unreal Projects/ThirdPersonProto1/Content/StarterContent/Shapes/Shape_Pipe.uasset" 108
"../../../../../../Documents/Unreal Projects/ThirdPersonProto1/Content/StarterContent/Shapes/Shape_Pipe_180.uasset" 109
"../../../../../../Documents/Unreal Projects/ThirdPersonProto1/Content/StarterContent/Shapes/Shape_Pipe_90.uasset" 110
"../../../../../../Documents/Unreal Projects/ThirdPersonProto1/Content/StarterContent/Shapes/Shape_Plane.uasset" 111
"../../../../../../Documents/Unreal Projects/ThirdPersonProto1/Content/StarterContent/Shapes/Shape_Torus.uasset" 112
"../../../../../../Documents/Unreal Projects/ThirdPersonProto1/Content/StarterContent/Shapes/Shape_Trim.uasset" 113
"../../../../../../Documents/Unreal Projects/ThirdPersonProto1/Content/StarterContent/Shapes/Shape_Trim_90_In.uasset" 114
"../../../../../../Documents/Unreal Projects/ThirdPersonProto1/Content/StarterContent/Shapes/Shape_Trim_90_Out.uasset" 115
"../../../../../../Documents/Unreal Projects/ThirdPersonProto1/Content/StarterContent/Shapes/Shape_TriPyramid.uasset" 116
"../../../../../../Documents/Unreal Projects/ThirdPersonProto1/Content/StarterContent/Shapes/Shape_Tube.uasset" 117
"../../../../../../Documents/Unreal Projects/ThirdPersonProto1/Content/StarterContent/Shapes/Shape_Wedge_A.uasset" 118
"../../../../../../Documents/Unreal Projects/ThirdPersonProto1/Content/StarterContent/Shapes/Shape_Wedge_B.uasset" 119
"../../../../../../Documents/Unreal Projects/ThirdPersonProto1/Content/StarterContent/Shapes/Shape_WideCapsule.uasset" 120
"../../../../../../Documents/Unreal Projects/ThirdPersonProto1/Content/Audio/UISelect.uasset" 121
"../../../../../../Documents/Unreal Projects/ThirdPersonProto1/Content/Audio/UIHover.uasset" 122
"../../../../../../Documents/Unreal Projects/ThirdPersonProto1/Content/Blueprints/BP_PauseMenu.uasset" 123
"../../../../../../Documents/Unreal Projects/ThirdPersonProto1/Content/Audio/UpgradePickup.uasset" 124
"../../../../../../Documents/Unreal Projects/ThirdPersonProto1/Content/Audio/Hook.uasset" 125
"../../../../../../Documents/Unreal Projects/ThirdPersonProto1/Content/Audio/Dash.uasset" 126
"../../../../../../Documents/Unreal Projects/ThirdPersonProto1/Content/Mannequin/Character/Mesh/SK_Mannequin_PhysicsAsset.uasset" 127
"../../../../../../Documents/Unreal Projects/ThirdPersonProto1/Content/Mannequin/Character/Mesh/SK_Mannequin.uasset" 128
"../../../Engine/Content/EditorBlueprintResources/StandardMacros.uasset" 129
"../../../../../../Documents/Unreal Projects/ThirdPersonProto1/Content/Mannequin/Animations/ThirdPersonWalk.uasset" 130
"../../../../../../Documents/Unreal Projects/ThirdPersonProto1/Content/Mannequin/Animations/ThirdPersonRun.uasset" 131
"../../../../../../Documents/Unreal Projects/ThirdPersonProto1/Content/Mannequin/Animations/ThirdPersonIdle.uasset" 132
"../../../../../../Documents/Unreal Projects/ThirdPersonProto1/Content/Mannequin/Animations/ThirdPerson_IdleRun_2D.uasset" 133
"../../../../../../Documents/Unreal Projects/ThirdPersonProto1/Content/Mannequin/Animations/ThirdPerson_Jump.uasset" 134
"../../../../../../Documents/Unreal Projects/ThirdPersonProto1/Content/Audio/Jump.uasset" 135
"../../../../../../Documents/Unreal Projects/ThirdPersonProto1/Content/Mannequin/Animations/ThirdPersonJump_Start.uasset" 136
"../../../../../../Documents/Unreal Projects/ThirdPersonProto1/Content/Mannequin/Animations/ThirdPersonJump_Loop.uasset" 137
"../../../../../../Documents/Unreal Projects/ThirdPersonProto1/Content/ExtraAnimations/Crouching_Idle.uasset" 138
"../../../../../../Documents/Unreal Projects/ThirdPersonProto1/Content/ExtraAnimations/Crouched_Walking.uasset" 139
"../../../../../../Documents/Unreal Projects/ThirdPersonProto1/Content/Mannequin/Animations/ThirdPerson_AnimBP.uasset" 140
"../../../../../../Documents/Unreal Projects/ThirdPersonProto1/Content/ExtraAnimations/Hang_to_Crouch_fixed.uasset" 141
"../../../../../../Documents/Unreal Projects/ThirdPersonProto1/Content/ExtraAnimations/Hang_to_Crouch_fixed_Montage.uasset" 142
"../../../../../../Documents/Unreal Projects/ThirdPersonProto1/Content/ThirdPersonCPP/Blueprints/BP_ThirdPersonCharacter.uasset" 143
"../../../../../../Documents/Unreal Projects/ThirdPersonProto1/Content/ThirdPersonCPP/Blueprints/ThirdPersonCharacter.uasset" 144
"../../../Engine/Content/Functions/Engine_MaterialFunctions01/Opacity/CameraDepthFade.uasset" 145
"../../../Engine/Content/EngineMaterials/T_Default_Material_Grid_N.uasset" 146
"../../../Engine/Content/EngineMaterials/T_Default_Material_Grid_M.uasset" 147
"../../../Engine/Content/EngineMaterials/WorldGridMaterial.uasset" 148
"../../../Engine/Content/ArtTools/RenderToTexture/Meshes/S_1_Unit_Plane.uasset" 149
"../../../Engine/Content/BasicShapes/Plane.uasset" 150
"../../../Engine/Content/EngineMaterials/DefaultMaterial.uasset" 151
"../../../Engine/Content/BasicShapes/Sphere.uasset" 152
"../../../Engine/Content/EditorLandscapeResources/DataLayer.uasset" 153
"../../../Engine/Content/EditorLandscapeResources/DefaultAlphaTexture.uasset" 154
"../../../Engine/Content/EditorMaterials/MAT_Groups_Toggle.uasset" 155
"../../../Engine/Content/EditorMaterials/MAT_Groups_Visibility.uasset" 156
"../../../Engine/Content/EditorMaterials/PreviewShadowIndicator.uasset" 157
"../../../Engine/Content/EditorMaterials/PreviewShadowIndicatorMaterial.uasset" 158
"../../../Engine/Content/EditorMaterials/MatineeGroups/MAT_ColorTrack.uasset" 159
"../../../Engine/Content/EditorMaterials/MatineeGroups/MAT_Groups_Anim.uasset" 160
"../../../Engine/Content/EditorMaterials/MatineeGroups/MAT_Groups_AudioMaster.uasset" 161
"../../../Engine/Content/EditorMaterials/MatineeGroups/MAT_Groups_Director.uasset" 162
"../../../Engine/Content/EditorMaterials/MatineeGroups/MAT_Groups_Event.uasset" 163
"../../../Engine/Content/EditorMaterials/MatineeGroups/MAT_Groups_Fade.uasset" 164
"../../../Engine/Content/EditorMaterials/MatineeGroups/MAT_Groups_Float.uasset" 165
"../../../Engine/Content/EditorMaterials/MatineeGroups/MAT_Groups_Move.uasset" 166
"../../../Engine/Content/EditorMaterials/MatineeGroups/MAT_Groups_Slomo.uasset" 167
"../../../Engine/Content/EditorMaterials/MatineeGroups/MAT_Groups_Sound.uasset" 168
"../../../Engine/Content/EditorMaterials/MatineeGroups/MAT_Groups_Vector.uasset" 169
"../../../Engine/Content/EditorMaterials/ParticleSystems/PSysThumbnail_NoImage.uasset" 170
"../../../Engine/Content/EditorMaterials/ParticleSystems/PSysThumbnail_OOD.uasset" 171
"../../../Engine/Content/EditorMaterials/Camera/CineMat.uasset" 172
"../../../Engine/Content/EditorMaterials/Camera/MI_CineMat_Rig.uasset" 173
"../../../Engine/Content/EditorMeshes/Camera/SM_CraneRig_Arm.uasset" 174
"../../../Engine/Content/EditorMeshes/Camera/SM_CraneRig_Base.uasset" 175
"../../../Engine/Content/EditorMeshes/Camera/SM_CraneRig_Body.uasset" 176
"../../../Engine/Content/EditorMeshes/Camera/SM_CraneRig_Mount.uasset" 177
"../../../Engine/Content/EditorMeshes/Camera/SM_RailRig_Mount.uasset" 178
"../../../Engine/Content/EditorMeshes/Camera/SM_RailRig_Track.uasset" 179
"../../../Engine/Content/EditorResources/BSPVertex.uasset" 180
"../../../Engine/Content/EditorResources/EmptyActor.uasset" 181
"../../../Engine/Content/EditorResources/S_Actor.uasset" 182
"../../../Engine/Content/EditorResources/S_Note.uasset" 183
"../../../Engine/Content/EditorResources/S_Solver.uasset" 184
"../../../Engine/Content/EditorResources/S_Terrain.uasset" 185
"../../../Engine/Content/EditorResources/S_Trigger.uasset" 186
"../../../Engine/Content/EditorResources/AudioIcons/S_AudioComponent.uasset" 187
"../../../Engine/Content/EditorResources/AudioIcons/S_AudioComponent_AutoActivate.uasset" 188
"../../../Engine/Content/EditorResources/LightIcons/S_LightError.uasset" 189
"../../../Engine/Content/EditorResources/SequenceRecorder/Countdown.uasset" 190
"../../../Engine/Content/EditorResources/SequenceRecorder/RecordingIndicator.uasset" 191
"../../../Engine/Content/EngineDamageTypes/DmgTypeBP_Environmental.uasset" 192
"../../../Engine/Content/EngineDebugMaterials/DebugEditorMaterial.uasset" 193
"../../../Engine/Content/EngineDebugMaterials/DebugMeshMaterial.uasset" 194
"../../../Engine/Content/EngineDebugMaterials/M_SimpleUnlitTranslucent.uasset" 195
"../../../Engine/Content/EngineDebugMaterials/VolumeToRender.uasset" 196
"../../../Engine/Content/Functions/Engine_MaterialFunctions02/Utility/CameraDirectionVector.uasset" 197
"../../../Engine/Content/EngineDebugMaterials/M_VolumeRenderSphereTracePP.uasset" 198
"../../../Engine/Content/Functions/Engine_MaterialFunctions01/Shading/ConvertFromDiffSpec.uasset" 199
"../../../Engine/Content/EngineDebugMaterials/VertexColorMaterial.uasset" 200
"../../../Engine/Content/EngineDebugMaterials/WireframeMaterial.uasset" 201
"../../../Engine/Content/EngineFonts/Faces/RobotoRegular.uasset" 202
"../../../Engine/Content/EngineFonts/Faces/RobotoLight.uasset" 203
"../../../Engine/Content/EngineFonts/Faces/RobotoItalic.uasset" 204
"../../../Engine/Content/EngineFonts/Faces/RobotoBoldItalic.uasset" 205
"../../../Engine/Content/EngineFonts/Faces/RobotoBold.uasset" 206
"../../../Engine/Content/EngineFonts/Faces/DroidSansFallback.uasset" 207
"../../../Engine/Content/EngineFonts/Roboto.uasset" 208
"../../../Engine/Content/EngineMaterials/BaseFlattenNormalMap.uasset" 209
"../../../Engine/Content/EngineMaterials/BaseFlattenGrayscaleMap.uasset" 210
"../../../Engine/Content/EngineMaterials/BaseFlattenEmissiveMap.uasset" 211
"../../../Engine/Content/EngineMaterials/BaseFlattenDiffuseMap.uasset" 212
"../../../Engine/Content/EngineMaterials/BaseFlattenMaterial.uasset" 213
"../../../Engine/Content/EngineMaterials/BlueNoise.uasset" 214
"../../../Engine/Content/EngineMaterials/DefaultBloomKernel.uasset" 215
"../../../Engine/Content/EngineMaterials/DefaultBokeh.uasset" 216
"../../../Engine/Content/EngineMaterials/DefaultDiffuse.uasset" 217
"../../../Engine/Content/EngineMaterials/DefaultDeferredDecalMaterial.uasset" 218
"../../../Engine/Content/EngineMaterials/DefaultLightFunctionMaterial.uasset" 219
"../../../Engine/Content/EngineMaterials/DefaultPhysicalMaterial.uasset" 220
"../../../Engine/Content/Functions/Engine_MaterialFunctions02/Utility/BreakOutFloat2Components.uasset" 221
"../../../Engine/Content/EngineMaterials/DefaultPostProcessMaterial.uasset" 222
"../../../Engine/Content/EngineFonts/RobotoDistanceField.uasset" 223
"../../../Engine/Content/EngineMaterials/DefaultTextMaterialOpaque.uasset" 224
"../../../Engine/Content/EngineMaterials/DefaultWhiteGrid.uasset" 225
"../../../Engine/Content/EngineMaterials/DefaultWhiteGrid_Low.uasset" 226
"../../../Engine/Content/EngineMaterials/EmissiveMeshMaterial.uasset" 227
"../../../Engine/Content/EngineMaterials/GizmoMaterial.uasset" 228
"../../../Engine/Content/EngineMaterials/Good64x64TilingNoiseHighFreq.uasset" 229
"../../../Engine/Content/EngineMaterials/MiniFont.uasset" 230
"../../../Engine/Content/EngineMaterials/InvalidLightmapSettings.uasset" 231
"../../../Engine/Content/EngineMaterials/M_InvalidLightmapSettings.uasset" 232
"../../../Engine/Content/Functions/Engine_MaterialFunctions02/WorldPositionOffset/CameraOffset.uasset" 233
"../../../Engine/Content/EngineMaterials/PhAT_JointLimitMaterial.uasset" 234
"../../../Engine/Content/EngineMaterials/PreintegratedSkinBRDF.uasset" 235
"../../../Engine/Content/EngineMaterials/RemoveSurfaceMaterial.uasset" 236
"../../../Engine/Content/EngineMaterials/WeightMapPlaceholderTexture.uasset" 237
"../../../Engine/Content/EngineResources/WhiteSquareTexture.uasset" 238
"../../../Engine/Content/EngineMaterials/Widget3DPassThrough.uasset" 239
"../../../Engine/Content/EngineMaterials/Widget3DPassThrough_Masked.uasset" 240
"../../../Engine/Content/EngineMaterials/Widget3DPassThrough_Opaque.uasset" 241
"../../../Engine/Content/EngineMaterials/Widget3DPassThrough_Masked_OneSided.uasset" 242
"../../../Engine/Content/EngineMaterials/Widget3DPassThrough_Opaque_OneSided.uasset" 243
"../../../Engine/Content/EngineMaterials/Widget3DPassThrough_Translucent.uasset" 244
"../../../Engine/Content/EngineMaterials/Widget3DPassThrough_Translucent_OneSided.uasset" 245
"../../../Engine/Content/EngineMeshes/Cube.uasset" 246
"../../../Engine/Content/EngineMeshes/Cylinder.uasset" 247
"../../../Engine/Content/EngineMeshes/Sphere.uasset" 248
"../../../Engine/Content/EngineResources/Black.uasset" 249
"../../../Engine/Content/EngineResources/DefaultTextureCube.uasset" 250
"../../../Engine/Content/EngineResources/DefaultVolumeTexture2D.uasset" 251
"../../../Engine/Content/EngineResources/DefaultVolumeTexture.uasset" 252
"../../../Engine/Content/EngineResources/GradientTexture0.uasset" 253
"../../../Engine/Content/EngineSky/VolumetricClouds/T_NoiseShape64.uasset" 254
"../../../Engine/Content/EngineSky/VolumetricClouds/T_VolumeNoiseShape64.uasset" 255
"../../../Engine/Content/EngineSky/VolumetricClouds/T_NoiseErosion.uasset" 256
"../../../Engine/Content/EngineSky/VolumetricClouds/T_VolumeNoiseErosion32.uasset" 257
"../../../Engine/Content/Functions/Engine_MaterialFunctions02/Utility/MakeFloat2.uasset" 258
"../../../Engine/Content/EngineSky/VolumetricClouds/CloudWeatherTexture.uasset" 259
"../../../Engine/Content/EngineSky/VolumetricClouds/CloudGradientTexture.uasset" 260
"../../../Engine/Content/EngineSky/VolumetricClouds/m_SimpleVolumetricCloud.uasset" 261
"../../../Engine/Content/EngineSky/VolumetricClouds/m_SimpleVolumetricCloud_Inst.uasset" 262
"../../../Engine/Content/EngineSounds/Master.uasset" 263
"../../../Engine/Content/Functions/Engine_MaterialFunctions01/Shading/PowerToRoughness.uasset" 264
"../../../Engine/Content/Maps/Templates/Thumbnails/Default.uasset" 265
"../../../Engine/Content/Maps/Templates/Thumbnails/TimeOfDay.uasset" 266
"../../../Engine/Content/Maps/Templates/Thumbnails/VR-Basic.uasset" 267
"../../../Engine/Content/MobileResources/T_MobileControls_texture.uasset" 268
"../../../Engine/Content/MobileResources/T_MobileMenu2.uasset" 269
"../../../Engine/Content/MobileResources/HUD/AnalogHat.uasset" 270
"../../../Engine/Content/MobileResources/HUD/VirtualJoystick_Thumb.uasset" 271
"../../../Engine/Content/MobileResources/HUD/VirtualJoystick_Background.uasset" 272
"../../../Engine/Content/MobileResources/HUD/DefaultVirtualJoysticks.uasset" 273
"../../../Engine/Content/MobileResources/HUD/LeftVirtualJoystickOnly.uasset" 274
"../../../Engine/Content/MobileResources/HUD/MobileHUDButton1_off.uasset" 275
"../../../Engine/Content/MobileResources/HUD/MobileHUDButton1_on.uasset" 276
"../../../Engine/Content/MobileResources/HUD/MobileHUDButton2_off.uasset" 277
"../../../Engine/Content/MobileResources/HUD/MobileHUDButton2_on.uasset" 278
"../../../Engine/Content/MobileResources/HUD/MobileHUDButton3.uasset" 279
"../../../Engine/Content/MobileResources/HUD/MobileHUDButtonFire.uasset" 280
"../../../Engine/Content/MobileResources/HUD/MobileHUDDirectionPad.uasset" 281
"../../../Engine/Content/MobileResources/HUD/MobileHUDDirectionPad2.uasset" 282
"../../../Engine/Content/MobileResources/HUD/MobileHUDDirectionPad3.uasset" 283
"../../../Engine/Content/MobileResources/HUD/MobileHUDDirectionStick.uasset" 284
"../../../Engine/Content/MobileResources/HUD/T_Castle_ThumbstickInner.uasset" 285
"../../../Engine/Content/MobileResources/HUD/T_Castle_ThumbstickOutter.uasset" 286
"../../../Engine/Content/Tutorial/ContentIntroCurve.uasset" 287
"../../../Engine/Content/Tutorial/Basics/LevelEditorAttract.uasset" 288
"../../../Engine/Content/Tutorial/Basics/TutorialAssets/icon_tab_Levels_40x.uasset" 289
"../../../Engine/Content/Tutorial/Basics/LevelEditorOverview.uasset" 290
"../../../Engine/Content/Tutorial/BlueprintTutorials/TutorialAssets/Blueprint_64x.uasset" 291
"../../../Engine/Content/Tutorial/BlueprintTutorials/BlueprintEditorTutorial.uasset" 292
"../../../Engine/Content/Tutorial/BlueprintTutorials/LevelBlueprintEditorOverview.uasset" 293
"../../../Engine/Content/Tutorial/SubEditors/MaterialEditorTutorial.uasset" 294
"../../../Engine/Content/Tutorial/SubEditors/ParticleSystemEditorTutorial.uasset" 295
"../../../Engine/Content/Tutorial/SubEditors/StaticMeshEditorTutorial.uasset" 296
"../../../Engine/Content/Tutorial/SubEditors/TutorialAssets/TutorialMaterial.uasset" 297
"../../../Engine/Content/Tutorial/SubEditors/TutorialAssets/T_soft_smoke.uasset" 298
"../../../Engine/Content/Tutorial/SubEditors/TutorialAssets/T_SmokeSubUV_8X8.uasset" 299
"../../../Engine/Content/Tutorial/SubEditors/TutorialAssets/M_smoke_subUV_blackbody.uasset" 300
"../../../Engine/Content/Tutorial/SubEditors/TutorialAssets/TutorialParticleSystem.uasset" 301
"../../../Engine/Content/VREditor/TransformGizmo/TranslucentTransformGizmoMaterial.uasset" 302
"../../../Engine/Content/VREditor/LaserPointer/VR_LaserPower_01.uasset" 303
"../../../Engine/Content/VREditor/TransformGizmo/TransformGizmoMaterial.uasset" 304
"../../../Engine/Content/VREditor/TransformGizmo/BoundingBoxCorner.uasset" 305
"../../../Engine/Content/VREditor/TransformGizmo/BoundingBoxEdge.uasset" 306
"../../../Engine/Content/VREditor/TransformGizmo/PlaneTranslationHandle.uasset" 307
"../../../Engine/Content/VREditor/TransformGizmo/Xray.uasset" 308
"../../../Engine/Content/VREditor/TransformGizmo/Main.uasset" 309
"../../../Engine/Content/VREditor/TransformGizmo/SM_Sequencer_Key.uasset" 310
"../../../Engine/Content/VREditor/TransformGizmo/SM_Sequencer_Node.uasset" 311
"../../Plugins/2D/Paper2D/Content/PlaceholderTextures/DummySpriteTexture.uasset" 312
"../../Plugins/2D/Paper2D/Content/DummySprite.uasset" 313
"../../Plugins/2D/Paper2D/Content/DefaultPaperTerrainMaterial.uasset" 314
"../../Plugins/2D/Paper2D/Content/DefaultSpriteMaterial.uasset" 315
"../../Plugins/2D/Paper2D/Content/MaskedUnlitSpriteMaterial.uasset" 316
"../../Plugins/2D/Paper2D/Content/OpaqueUnlitSpriteMaterial.uasset" 317
"../../../Engine/Content/ArtTools/RenderToTexture/Materials/Debug/M_Emissive_Color.uasset" 318
"../../../Engine/Content/BasicShapes/Cylinder.uasset" 319
"../../Plugins/Lumin/MagicLeapPassableWorld/Content/MagicLeapARPinInfoActor.uasset" 320
"../../../Engine/Content/Functions/Engine_MaterialFunctions02/Utility/BreakOutFloat3Components.uasset" 321
"../../Plugins/Editor/SpeedTreeImporter/Content/SpeedTree9/UnpackInteger3.uasset" 322
"../../Plugins/Editor/SpeedTreeImporter/Content/SpeedTree9/UnpackDirection.uasset" 323
"../../Plugins/Editor/SpeedTreeImporter/Content/SpeedTree9/game_wind_noise.uasset" 324
"../../../Engine/Content/Functions/Engine_MaterialFunctions02/SafeNormalize.uasset" 325
"../../Plugins/Editor/SpeedTreeImporter/Content/SpeedTree9/SpeedTreeWindMotion.uasset" 326
"../../Plugins/Editor/SpeedTreeImporter/Content/SpeedTree9/SpeedTreeBranchMotion.uasset" 327
"../../../Engine/Content/Functions/Engine_MaterialFunctions02/ObjectLocalBounds.uasset" 328
"../../../Engine/Content/Functions/Engine_MaterialFunctions02/UVs/BoundingBoxBased_0-1_UVW.uasset" 329
"../../Plugins/Editor/SpeedTreeImporter/Content/SpeedTree9/SpeedTreeWind.uasset" 330
"../../Plugins/Editor/SpeedTreeImporter/Content/SpeedTree9/SpeedTreeBillboard.uasset" 331
"../../../Engine/Content/EngineResources/DefaultTexture.uasset" 332
"../../Plugins/Editor/SpeedTreeImporter/Content/SpeedTree9/SpeedTreeBillboardMaster.uasset" 333
"../../Plugins/Editor/SpeedTreeImporter/Content/SpeedTree9/SpeedTreeCameraFacing.uasset" 334
"../../Plugins/Editor/SpeedTreeImporter/Content/SpeedTree9/SpeedTreeMaster.uasset" 335
"../../../Engine/Content/Functions/Engine_MaterialFunctions02/Utility/MakeFloat3.uasset" 336
"../../../Engine/Content/Functions/Engine_MaterialFunctions02/Utility/BreakOutFloat4Components.uasset" 337
"../../Plugins/Runtime/Oculus/OculusVR/Content/Materials/OculusMR_ChromaKey.uasset" 338
"../../Plugins/Runtime/Oculus/OculusVR/Content/Materials/OculusMR_OpaqueColoredMaterial.uasset" 339
"../../Plugins/Runtime/Oculus/OculusVR/Content/Materials/PokeAHoleMaterial.uasset" 340
"../../../Engine/Content/EditorMeshes/ColorCalibrator/M_GreyBall.uasset" 341
"../../../Engine/Content/EditorMeshes/ColorCalibrator/Color_checker.uasset" 342
"../../../Engine/Content/EditorMeshes/ColorCalibrator/M_ColorGrid.uasset" 343
"../../../Engine/Content/EditorMeshes/ColorCalibrator/M_ClearCoatBlack.uasset" 344
"../../../Engine/Content/EditorMeshes/ColorCalibrator/M_ClearCoat.uasset" 345
"../../../Engine/Content/EditorMeshes/ColorCalibrator/M_ChromeBall.uasset" 346
"../../../Engine/Content/EditorMeshes/ColorCalibrator/SM_ColorCalibrator.uasset" 347
"../../../../../../Documents/Unreal Projects/ThirdPersonProto1/Content/StarterContent/Maps/Advanced_Lighting_BuiltData.uasset" 348
"../../../../../../Documents/Unreal Projects/ThirdPersonProto1/Content/StarterContent/HDRI/HDRI_Epic_Courtyard_Daylight.uasset" 349
"../../../Engine/Content/MapTemplates/Sky/DaylightAmbientCubemap.uasset" 350
"../../../../../../Documents/Unreal Projects/ThirdPersonProto1/Content/StarterContent/Blueprints/Assets/M_LightStage_Skybox_Master.uasset" 351
"../../../../../../Documents/Unreal Projects/ThirdPersonProto1/Content/StarterContent/Blueprints/Assets/M_LightStage_Skybox_HDRI.uasset" 352
"../../../../../../Documents/Unreal Projects/ThirdPersonProto1/Content/StarterContent/Blueprints/Assets/M_LightStage_Arrows.uasset" 353
"../../../../../../Documents/Unreal Projects/ThirdPersonProto1/Content/StarterContent/Blueprints/Assets/SM_Arrows.uasset" 354
"../../../Engine/Content/EditorMaterials/Thumbnails/SkySphereMaterial.uasset" 355
"../../../../../../Documents/Unreal Projects/ThirdPersonProto1/Content/StarterContent/Blueprints/Assets/Skybox.uasset" 356
"../../../../../../Documents/Unreal Projects/ThirdPersonProto1/Content/StarterContent/Blueprints/Assets/M_LightStage_Skybox_Black.uasset" 357
"../../../../../../Documents/Unreal Projects/ThirdPersonProto1/Content/StarterContent/Blueprints/Assets/SunlightColorLUT.uasset" 358
"../../../../../../Documents/Unreal Projects/ThirdPersonProto1/Content/StarterContent/Blueprints/Assets/FogBrightnessLUT.uasset" 359
"../../../../../../Documents/Unreal Projects/ThirdPersonProto1/Content/StarterContent/Blueprints/BP_LightStudio.uasset" 360
"../../../../../../Documents/Unreal Projects/ThirdPersonProto1/Content/StarterContent/Materials/M_AssetPlatform.uasset" 361
"../../../../../../Documents/Unreal Projects/ThirdPersonProto1/Content/StarterContent/Architecture/SM_AssetPlatform.uasset" 362
"../../../../../../Documents/Unreal Projects/ThirdPersonProto1/Content/StarterContent/Maps/Advanced_Lighting.umap" 363
"../../../../../../Documents/Unreal Projects/ThirdPersonProto1/Content/StarterContent/Textures/T_TableRound_N.uasset" 364
"../../../../../../Documents/Unreal Projects/ThirdPersonProto1/Content/StarterContent/Textures/T_TableRound_M.uasset" 365
"../../../../../../Documents/Unreal Projects/ThirdPersonProto1/Content/StarterContent/Props/Materials/M_TableRound.uasset" 366
"../../../../../../Documents/Unreal Projects/ThirdPersonProto1/Content/StarterContent/Props/SM_TableRound.uasset" 367
"../../../../../../Documents/Unreal Projects/ThirdPersonProto1/Content/StarterContent/Textures/T_Statue_N.uasset" 368
"../../../../../../Documents/Unreal Projects/ThirdPersonProto1/Content/StarterContent/Textures/T_Statue_M.uasset" 369
"../../../../../../Documents/Unreal Projects/ThirdPersonProto1/Content/StarterContent/Props/Materials/M_Statue.uasset" 370
"../../../../../../Documents/Unreal Projects/ThirdPersonProto1/Content/StarterContent/Props/Materials/M_StatueGlass.uasset" 371
"../../../../../../Documents/Unreal Projects/ThirdPersonProto1/Content/StarterContent/Props/SM_Statue.uasset" 372
"../../../../../../Documents/Unreal Projects/ThirdPersonProto1/Content/StarterContent/Props/SM_Chair.uasset" 373
"../../../../../../Documents/Unreal Projects/ThirdPersonProto1/Content/StarterContent/Textures/T_Metal_Copper_D.uasset" 374
"../../../../../../Documents/Unreal Projects/ThirdPersonProto1/Content/StarterContent/Textures/T_Metal_Gold_N.uasset" 375
"../../../../../../Documents/Unreal Projects/ThirdPersonProto1/Content/StarterContent/Textures/T_MacroVariation.uasset" 376
"../../../../../../Documents/Unreal Projects/ThirdPersonProto1/Content/StarterContent/Materials/M_Metal_Copper.uasset" 377
"../../../../../../Documents/Unreal Projects/ThirdPersonProto1/Content/StarterContent/Textures/T_Metal_Aluminum_D.uasset" 378
"../../../../../../Documents/Unreal Projects/ThirdPersonProto1/Content/StarterContent/Materials/M_Metal_Burnished_Steel.uasset" 379
"../../../../../../Documents/Unreal Projects/ThirdPersonProto1/Content/StarterContent/Materials/M_Metal_Brushed_Nickel.uasset" 380
"../../../Engine/Content/EngineSky/T_Sky_Stars.uasset" 381
"../../../Engine/Content/EngineSky/T_Sky_Clouds_M.uasset" 382
"../../../Engine/Content/EngineSky/T_Sky_Blue.uasset" 383
"../../../Engine/Content/EngineSky/M_Sky_Panning_Clouds2.uasset" 384
"../../../../../../Documents/Unreal Projects/ThirdPersonProto1/Content/StarterContent/Maps/Minimal_Default_BuiltData.uasset" 385
"../../../Engine/Content/EngineSky/SM_SkySphere.uasset" 386
"../../../Engine/Content/EngineSky/C_Sky_Zenith_Color.uasset" 387
"../../../Engine/Content/EngineSky/C_Sky_Horizon_Color.uasset" 388
"../../../Engine/Content/EngineSky/C_Sky_Cloud_Color.uasset" 389
"../../../Engine/Content/EngineSky/BP_Sky_Sphere.uasset" 390
"../../../../../../Documents/Unreal Projects/ThirdPersonProto1/Content/StarterContent/Audio/Starter_Background_Cue.uasset" 391
"../../../../../../Documents/Unreal Projects/ThirdPersonProto1/Content/StarterContent/Architecture/Floor_400x400.uasset" 392
"../../../../../../Documents/Unreal Projects/ThirdPersonProto1/Content/StarterContent/Maps/Minimal_Default.umap" 393
"../../../Engine/Content/Functions/Engine_MaterialFunctions03/Procedurals/ComputeFilterWidth.uasset" 394
"../../../Engine/Content/EngineMaterials/AntiAliasedTextMaterialTranslucent.uasset" 395
"../../../../../../Documents/Unreal Projects/ThirdPersonProto1/Content/StarterContent/Maps/StarterMap_BuiltData.uasset" 396
"../../../../../../Documents/Unreal Projects/ThirdPersonProto1/Content/StarterContent/Textures/T_Lamp_N.uasset" 397
"../../../../../../Documents/Unreal Projects/ThirdPersonProto1/Content/StarterContent/Textures/T_Lamp_M.uasset" 398
"../../../../../../Documents/Unreal Projects/ThirdPersonProto1/Content/StarterContent/Props/Materials/M_Lamp.uasset" 399
"../../../../../../Documents/Unreal Projects/ThirdPersonProto1/Content/StarterContent/Props/SM_Lamp_Wall.uasset" 400
"../../../../../../Documents/Unreal Projects/ThirdPersonProto1/Content/StarterContent/Blueprints/Blueprint_WallSconce.uasset" 401
"../../../../../../Documents/Unreal Projects/ThirdPersonProto1/Content/StarterContent/Particles/P_Steam_Lit.uasset" 402
"../../../../../../Documents/Unreal Projects/ThirdPersonProto1/Content/StarterContent/Audio/Steam01_Cue.uasset" 403
"../../../../../../Documents/Unreal Projects/ThirdPersonProto1/Content/StarterContent/Blueprints/Blueprint_Effect_Steam.uasset" 404
"../../../../../../Documents/Unreal Projects/ThirdPersonProto1/Content/StarterContent/Textures/T_Spark_Core.uasset" 405
"../../../../../../Documents/Unreal Projects/ThirdPersonProto1/Content/StarterContent/Particles/Materials/M_Spark.uasset" 406
"../../../../../../Documents/Unreal Projects/ThirdPersonProto1/Content/StarterContent/Particles/Materials/M_Radial_Gradient.uasset" 407
"../../../../../../Documents/Unreal Projects/ThirdPersonProto1/Content/StarterContent/Particles/P_Sparks.uasset" 408
"../../../../../../Documents/Unreal Projects/ThirdPersonProto1/Content/StarterContent/Audio/Fire_Sparks01_Cue.uasset" 409
"../../../../../../Documents/Unreal Projects/ThirdPersonProto1/Content/StarterContent/Blueprints/Blueprint_Effect_Sparks.uasset" 410
"../../../../../../Documents/Unreal Projects/ThirdPersonProto1/Content/StarterContent/Particles/P_Smoke.uasset" 411
"../../../../../../Documents/Unreal Projects/ThirdPersonProto1/Content/StarterContent/Audio/Smoke01_Cue.uasset" 412
"../../../../../../Documents/Unreal Projects/ThirdPersonProto1/Content/StarterContent/Blueprints/Blueprint_Effect_Smoke.uasset" 413
"../../../../../../Documents/Unreal Projects/ThirdPersonProto1/Content/StarterContent/Textures/T_Water_N.uasset" 414
"../../../../../../Documents/Unreal Projects/ThirdPersonProto1/Content/StarterContent/Particles/Materials/M_Heat_Distortion.uasset" 415
"../../../../../../Documents/Unreal Projects/ThirdPersonProto1/Content/StarterContent/Textures/T_Fire_Tiled_D.uasset" 416
"../../../../../../Documents/Unreal Projects/ThirdPersonProto1/Content/StarterContent/Textures/T_Fire_SubUV.uasset" 417
"../../../../../../Documents/Unreal Projects/ThirdPersonProto1/Content/StarterContent/Particles/Materials/M_Fire_SubUV.uasset" 418
"../../../../../../Documents/Unreal Projects/ThirdPersonProto1/Content/StarterContent/Particles/P_Fire.uasset" 419
"../../../../../../Documents/Unreal Projects/ThirdPersonProto1/Content/StarterContent/Audio/Fire01_Cue.uasset" 420
"../../../../../../Documents/Unreal Projects/ThirdPersonProto1/Content/StarterContent/Blueprints/Blueprint_Effect_Fire.uasset" 421
"../../../../../../Documents/Unreal Projects/ThirdPersonProto1/Content/StarterContent/Props/SM_Lamp_Ceiling.uasset" 422
"../../../../../../Documents/Unreal Projects/ThirdPersonProto1/Content/StarterContent/Blueprints/Blueprint_CeilingLight.uasset" 423
"../../../../../../Documents/Unreal Projects/ThirdPersonProto1/Content/StarterContent/Audio/Starter_Music_Cue.uasset" 424
"../../../../../../Documents/Unreal Projects/ThirdPersonProto1/Content/StarterContent/Audio/Collapse_Cue.uasset" 425
"../../../../../../Documents/Unreal Projects/ThirdPersonProto1/Content/StarterContent/Architecture/Wall_Window_400x300.uasset" 426
"../../../../../../Documents/Unreal Projects/ThirdPersonProto1/Content/StarterContent/Architecture/Wall_Door_400x300.uasset" 427
"../../../../../../Documents/Unreal Projects/ThirdPersonProto1/Content/StarterContent/Shapes/Shape_Sphere.uasset" 428
"../../../../../../Documents/Unreal Projects/ThirdPersonProto1/Content/StarterContent/Shapes/Shape_QuadPyramid.uasset" 429
"../../../../../../Documents/Unreal Projects/ThirdPersonProto1/Content/StarterContent/Shapes/Shape_Cube.uasset" 430
"../../../../../../Documents/Unreal Projects/ThirdPersonProto1/Content/StarterContent/Textures/T_Frame_N.uasset" 431
"../../../../../../Documents/Unreal Projects/ThirdPersonProto1/Content/StarterContent/Textures/T_Frame_M.uasset" 432
"../../../../../../Documents/Unreal Projects/ThirdPersonProto1/Content/StarterContent/Props/Materials/M_Frame.uasset" 433
"../../../../../../Documents/Unreal Projects/ThirdPersonProto1/Content/StarterContent/Props/SM_WindowFrame.uasset" 434
"../../../../../../Documents/Unreal Projects/ThirdPersonProto1/Content/StarterContent/Props/SM_PillarFrame300.uasset" 435
"../../../../../../Documents/Unreal Projects/ThirdPersonProto1/Content/StarterContent/Props/SM_PillarFrame.uasset" 436
"../../../../../../Documents/Unreal Projects/ThirdPersonProto1/Content/StarterContent/Props/SM_GlassWindow.uasset" 437
"../../../../../../Documents/Unreal Projects/ThirdPersonProto1/Content/StarterContent/Props/SM_DoorFrame.uasset" 438
"../../../../../../Documents/Unreal Projects/ThirdPersonProto1/Content/StarterContent/Props/SM_CornerFrame.uasset" 439
"../../../../../../Documents/Unreal Projects/ThirdPersonProto1/Content/StarterContent/Props/MaterialSphere.uasset" 440
"../../../../../../Documents/Unreal Projects/ThirdPersonProto1/Content/StarterContent/Textures/T_Dust_Particle_D.uasset" 441
"../../../../../../Documents/Unreal Projects/ThirdPersonProto1/Content/StarterContent/Particles/Materials/M_Dust_Particle.uasset" 442
"../../../../../../Documents/Unreal Projects/ThirdPersonProto1/Content/StarterContent/Particles/P_Ambient_Dust.uasset" 443
"../../../../../../Documents/Unreal Projects/ThirdPersonProto1/Content/StarterContent/Textures/T_Wood_Walnut_N.uasset" 444
"../../../../../../Documents/Unreal Projects/ThirdPersonProto1/Content/StarterContent/Textures/T_Wood_Walnut_D.uasset" 445
"../../../../../../Documents/Unreal Projects/ThirdPersonProto1/Content/StarterContent/Materials/M_Wood_Walnut.uasset" 446
"../../../../../../Documents/Unreal Projects/ThirdPersonProto1/Content/StarterContent/Textures/T_Wood_Pine_N.uasset" 447
"../../../../../../Documents/Unreal Projects/ThirdPersonProto1/Content/StarterContent/Textures/T_Wood_Pine_D.uasset" 448
"../../../../../../Documents/Unreal Projects/ThirdPersonProto1/Content/StarterContent/Textures/T_Perlin_Noise_M.uasset" 449
"../../../../../../Documents/Unreal Projects/ThirdPersonProto1/Content/StarterContent/Materials/M_Wood_Pine.uasset" 450
"../../../../../../Documents/Unreal Projects/ThirdPersonProto1/Content/StarterContent/Textures/T_Wood_Oak_N.uasset" 451
"../../../../../../Documents/Unreal Projects/ThirdPersonProto1/Content/StarterContent/Textures/T_Wood_Oak_D.uasset" 452
"../../../../../../Documents/Unreal Projects/ThirdPersonProto1/Content/StarterContent/Materials/M_Wood_Oak.uasset" 453
"../../../Engine/Content/Functions/Engine_MaterialFunctions01/Opacity/AlphaOffset.uasset" 454
"../../../../../../Documents/Unreal Projects/ThirdPersonProto1/Content/StarterContent/Textures/T_Wood_Floor_Walnut_N.uasset" 455
"../../../../../../Documents/Unreal Projects/ThirdPersonProto1/Content/StarterContent/Textures/T_Wood_Floor_Walnut_M.uasset" 456
"../../../../../../Documents/Unreal Projects/ThirdPersonProto1/Content/StarterContent/Textures/T_Wood_Floor_Walnut_D.uasset" 457
"../../../../../../Documents/Unreal Projects/ThirdPersonProto1/Content/StarterContent/Materials/M_Wood_Floor_Walnut_Worn.uasset" 458
"../../../../../../Documents/Unreal Projects/ThirdPersonProto1/Content/StarterContent/Materials/M_Wood_Floor_Walnut_Polished.uasset" 459
"../../../../../../Documents/Unreal Projects/ThirdPersonProto1/Content/StarterContent/Textures/T_Water_M.uasset" 460
"../../../../../../Documents/Unreal Projects/ThirdPersonProto1/Content/StarterContent/Materials/M_Water_Ocean.uasset" 461
"../../../../../../Documents/Unreal Projects/ThirdPersonProto1/Content/StarterContent/Materials/M_Water_Lake.uasset" 462
"../../../../../../Documents/Unreal Projects/ThirdPersonProto1/Content/StarterContent/Textures/T_Tech_Panel_N.uasset" 463
"../../../../../../Documents/Unreal Projects/ThirdPersonProto1/Content/StarterContent/Textures/T_Tech_Panel_M.uasset" 464
"../../../../../../Documents/Unreal Projects/ThirdPersonProto1/Content/StarterContent/Textures/T_Metal_Steel_D.uasset" 465
"../../../../../../Documents/Unreal Projects/ThirdPersonProto1/Content/StarterContent/Materials/M_Tech_Panel.uasset" 466
"../../../../../../Documents/Unreal Projects/ThirdPersonProto1/Content/StarterContent/Textures/T_Tech_Hex_Tile_N.uasset" 467
"../../../../../../Documents/Unreal Projects/ThirdPersonProto1/Content/StarterContent/Textures/T_Tech_Hex_Tile_M.uasset" 468
"../../../../../../Documents/Unreal Projects/ThirdPersonProto1/Content/StarterContent/Materials/M_Tech_Hex_Tile_Pulse.uasset" 469
"../../../../../../Documents/Unreal Projects/ThirdPersonProto1/Content/StarterContent/Materials/M_Tech_Hex_Tile.uasset" 470
"../../../../../../Documents/Unreal Projects/ThirdPersonProto1/Content/StarterContent/Textures/T_Tech_Dot_N.uasset" 471
"../../../../../../Documents/Unreal Projects/ThirdPersonProto1/Content/StarterContent/Textures/T_Tech_Dot_M.uasset" 472
"../../../../../../Documents/Unreal Projects/ThirdPersonProto1/Content/StarterContent/Textures/T_Single_Tile_N.uasset" 473
"../../../../../../Documents/Unreal Projects/ThirdPersonProto1/Content/StarterContent/Textures/T_Checker_Noise_M.uasset" 474
"../../../../../../Documents/Unreal Projects/ThirdPersonProto1/Content/StarterContent/Materials/M_Tech_Checker_Dot.uasset" 475
"../../../../../../Documents/Unreal Projects/ThirdPersonProto1/Content/StarterContent/Textures/T_Rock_Slate_N.uasset" 476
"../../../../../../Documents/Unreal Projects/ThirdPersonProto1/Content/StarterContent/Textures/T_Rock_Slate_D.uasset" 477
"../../../../../../Documents/Unreal Projects/ThirdPersonProto1/Content/StarterContent/Materials/M_Rock_Slate.uasset" 478
"../../../../../../Documents/Unreal Projects/ThirdPersonProto1/Content/StarterContent/Textures/T_Rock_Sandstone_N.uasset" 479
"../../../../../../Documents/Unreal Projects/ThirdPersonProto1/Content/StarterContent/Textures/T_Rock_Sandstone_D.uasset" 480
"../../../../../../Documents/Unreal Projects/ThirdPersonProto1/Content/StarterContent/Materials/M_Rock_Sandstone.uasset" 481
"../../../../../../Documents/Unreal Projects/ThirdPersonProto1/Content/StarterContent/Textures/T_Rock_Marble_Polished_D.uasset" 482
"../../../../../../Documents/Unreal Projects/ThirdPersonProto1/Content/StarterContent/Materials/M_Rock_Marble_Polished.uasset" 483
"../../../../../../Documents/Unreal Projects/ThirdPersonProto1/Content/StarterContent/Textures/T_Rock_Basalt_N.uasset" 484
"../../../../../../Documents/Unreal Projects/ThirdPersonProto1/Content/StarterContent/Materials/M_Rock_Basalt.uasset" 485
"../../../../../../Documents/Unreal Projects/ThirdPersonProto1/Content/StarterContent/Textures/T_Metal_Steel_N.uasset" 486
"../../../../../../Documents/Unreal Projects/ThirdPersonProto1/Content/StarterContent/Materials/M_Metal_Steel.uasset" 487
"../../../../../../Documents/Unreal Projects/ThirdPersonProto1/Content/StarterContent/Textures/T_Metal_Rust_D.uasset" 488
"../../../../../../Documents/Unreal Projects/ThirdPersonProto1/Content/StarterContent/Textures/T_Metal_Rust_N.uasset" 489
"../../../../../../Documents/Unreal Projects/ThirdPersonProto1/Content/StarterContent/Materials/M_Metal_Rust.uasset" 490
"../../../../../../Documents/Unreal Projects/ThirdPersonProto1/Content/StarterContent/Textures/T_Metal_Gold_D.uasset" 491
"../../../../../../Documents/Unreal Projects/ThirdPersonProto1/Content/StarterContent/Materials/M_Metal_Gold.uasset" 492
"../../../../../../Documents/Unreal Projects/ThirdPersonProto1/Content/StarterContent/Materials/M_Metal_Chrome.uasset" 493
"../../../../../../Documents/Unreal Projects/ThirdPersonProto1/Content/StarterContent/Textures/T_Ground_Moss_N.uasset" 494
"../../../../../../Documents/Unreal Projects/ThirdPersonProto1/Content/StarterContent/Textures/T_ground_Moss_D.uasset" 495
"../../../../../../Documents/Unreal Projects/ThirdPersonProto1/Content/StarterContent/Materials/M_Ground_Moss.uasset" 496
"../../../../../../Documents/Unreal Projects/ThirdPersonProto1/Content/StarterContent/Textures/T_Ground_Gravel_N.uasset" 497
"../../../../../../Documents/Unreal Projects/ThirdPersonProto1/Content/StarterContent/Textures/T_Ground_Gravel_D.uasset" 498
"../../../../../../Documents/Unreal Projects/ThirdPersonProto1/Content/StarterContent/Materials/M_Ground_Gravel.uasset" 499
"../../../../../../Documents/Unreal Projects/ThirdPersonProto1/Content/StarterContent/Textures/T_Ground_Grass_N.uasset" 500
"../../../../../../Documents/Unreal Projects/ThirdPersonProto1/Content/StarterContent/Textures/T_Ground_Grass_D.uasset" 501
"../../../../../../Documents/Unreal Projects/ThirdPersonProto1/Content/StarterContent/Materials/M_Ground_Grass.uasset" 502
"../../../../../../Documents/Unreal Projects/ThirdPersonProto1/Content/StarterContent/Textures/T_Concrete_Tiles_Variation_M.uasset" 503
"../../../../../../Documents/Unreal Projects/ThirdPersonProto1/Content/StarterContent/Textures/T_Concrete_Tiles_N.uasset" 504
"../../../../../../Documents/Unreal Projects/ThirdPersonProto1/Content/StarterContent/Textures/T_Concrete_Tiles_M.uasset" 505
"../../../../../../Documents/Unreal Projects/ThirdPersonProto1/Content/StarterContent/Textures/T_Concrete_Tiles_D.uasset" 506
"../../../../../../Documents/Unreal Projects/ThirdPersonProto1/Content/StarterContent/Materials/M_Concrete_Tiles.uasset" 507
"../../../../../../Documents/Unreal Projects/ThirdPersonProto1/Content/StarterContent/Textures/T_Concrete_Poured_N.uasset" 508
"../../../../../../Documents/Unreal Projects/ThirdPersonProto1/Content/StarterContent/Textures/T_Concrete_Poured_D.uasset" 509
"../../../../../../Documents/Unreal Projects/ThirdPersonProto1/Content/StarterContent/Materials/M_Concrete_Poured.uasset" 510
"../../../../../../Documents/Unreal Projects/ThirdPersonProto1/Content/StarterContent/Textures/T_Concrete_Panels_N.uasset" 511
"../../../../../../Documents/Unreal Projects/ThirdPersonProto1/Content/StarterContent/Textures/T_Concrete_Panels_D.uasset" 512
"../../../../../../Documents/Unreal Projects/ThirdPersonProto1/Content/StarterContent/Materials/M_Concrete_Panels.uasset" 513
"../../../../../../Documents/Unreal Projects/ThirdPersonProto1/Content/StarterContent/Textures/T_Concrete_Grime_D.uasset" 514
"../../../../../../Documents/Unreal Projects/ThirdPersonProto1/Content/StarterContent/Materials/M_Concrete_Grime.uasset" 515
"../../../../../../Documents/Unreal Projects/ThirdPersonProto1/Content/StarterContent/Textures/T_CobbleStone_Smooth_N.uasset" 516
"../../../../../../Documents/Unreal Projects/ThirdPersonProto1/Content/StarterContent/Textures/T_CobbleStone_Smooth_M.uasset" 517
"../../../../../../Documents/Unreal Projects/ThirdPersonProto1/Content/StarterContent/Textures/T_CobbleStone_Smooth_D.uasset" 518
"../../../../../../Documents/Unreal Projects/ThirdPersonProto1/Content/StarterContent/Textures/T_Rock_Smooth_Granite_D.uasset" 519
"../../../../../../Documents/Unreal Projects/ThirdPersonProto1/Content/StarterContent/Textures/T_Gradinet_01.uasset" 520
"../../../../../../Documents/Unreal Projects/ThirdPersonProto1/Content/StarterContent/Materials/M_CobbleStone_Smooth.uasset" 521
"../../../../../../Documents/Unreal Projects/ThirdPersonProto1/Content/StarterContent/Textures/T_CobbleStone_Rough_N.uasset" 522
"../../../../../../Documents/Unreal Projects/ThirdPersonProto1/Content/StarterContent/Textures/T_CobbleStone_Rough_D.uasset" 523
"../../../../../../Documents/Unreal Projects/ThirdPersonProto1/Content/StarterContent/Materials/M_CobbleStone_Rough.uasset" 524
"../../../../../../Documents/Unreal Projects/ThirdPersonProto1/Content/StarterContent/Textures/T_CobbleStone_Pebble_N.uasset" 525
"../../../../../../Documents/Unreal Projects/ThirdPersonProto1/Content/StarterContent/Textures/T_CobbleStone_Pebble_M.uasset" 526
"../../../../../../Documents/Unreal Projects/ThirdPersonProto1/Content/StarterContent/Textures/T_CobbleStone_Pebble_D.uasset" 527
"../../../../../../Documents/Unreal Projects/ThirdPersonProto1/Content/StarterContent/Materials/M_CobbleStone_Pebble.uasset" 528
"../../../../../../Documents/Unreal Projects/ThirdPersonProto1/Content/StarterContent/Textures/T_Ceramic_Tile_N.uasset" 529
"../../../../../../Documents/Unreal Projects/ThirdPersonProto1/Content/StarterContent/Textures/T_Ceramic_Tile_M.uasset" 530
"../../../../../../Documents/Unreal Projects/ThirdPersonProto1/Content/StarterContent/Materials/M_Ceramic_Tile_Checker.uasset" 531
"../../../../../../Documents/Unreal Projects/ThirdPersonProto1/Content/StarterContent/Textures/T_Brick_Hewn_Stone_N.uasset" 532
"../../../../../../Documents/Unreal Projects/ThirdPersonProto1/Content/StarterContent/Textures/T_Brick_Hewn_Stone_M.uasset" 533
"../../../../../../Documents/Unreal Projects/ThirdPersonProto1/Content/StarterContent/Textures/T_Brick_Hewn_Stone_D.uasset" 534
"../../../../../../Documents/Unreal Projects/ThirdPersonProto1/Content/StarterContent/Materials/M_Brick_Hewn_Stone.uasset" 535
"../../../../../../Documents/Unreal Projects/ThirdPersonProto1/Content/StarterContent/Textures/T_Brick_Cut_Stone_N.uasset" 536
"../../../../../../Documents/Unreal Projects/ThirdPersonProto1/Content/StarterContent/Textures/T_Brick_Cut_Stone_D.uasset" 537
"../../../../../../Documents/Unreal Projects/ThirdPersonProto1/Content/StarterContent/Materials/M_Brick_Cut_Stone.uasset" 538
"../../../../../../Documents/Unreal Projects/ThirdPersonProto1/Content/StarterContent/Textures/T_Brick_Clay_Old_N.uasset" 539
"../../../../../../Documents/Unreal Projects/ThirdPersonProto1/Content/StarterContent/Textures/T_Brick_Clay_Old_D.uasset" 540
"../../../../../../Documents/Unreal Projects/ThirdPersonProto1/Content/StarterContent/Materials/M_Brick_Clay_Old.uasset" 541
"../../../../../../Documents/Unreal Projects/ThirdPersonProto1/Content/StarterContent/Textures/T_Brick_Clay_New_N.uasset" 542
"../../../../../../Documents/Unreal Projects/ThirdPersonProto1/Content/StarterContent/Textures/T_Brick_Clay_New_M.uasset" 543
"../../../../../../Documents/Unreal Projects/ThirdPersonProto1/Content/StarterContent/Textures/T_Brick_Clay_New_D.uasset" 544
"../../../../../../Documents/Unreal Projects/ThirdPersonProto1/Content/StarterContent/Materials/M_Brick_Clay_New.uasset" 545
"../../../../../../Documents/Unreal Projects/ThirdPersonProto1/Content/StarterContent/Textures/T_Brick_Clay_Beveled_N.uasset" 546
"../../../../../../Documents/Unreal Projects/ThirdPersonProto1/Content/StarterContent/Textures/T_Brick_Clay_Beveled_M.uasset" 547
"../../../../../../Documents/Unreal Projects/ThirdPersonProto1/Content/StarterContent/Textures/T_Brick_Clay_Beveled_D.uasset" 548
"../../../../../../Documents/Unreal Projects/ThirdPersonProto1/Content/StarterContent/Materials/M_Brick_Clay_Beveled.uasset" 549
"../../../../../../Documents/Unreal Projects/ThirdPersonProto1/Content/StarterContent/Architecture/Wall_400x200.uasset" 550
"../../../../../../Documents/Unreal Projects/ThirdPersonProto1/Content/StarterContent/Maps/StarterMap.umap" 551
"../../../../../../Documents/Unreal Projects/ThirdPersonProto1/Content/Blueprints/BP_MainMenu.uasset" 552
"../../../../../../Documents/Unreal Projects/ThirdPersonProto1/Content/ThirdPersonCPP/Maps/MainMenu.umap" 553
"../../../../../../Documents/Unreal Projects/ThirdPersonProto1/Content/Blueprints/BP_ObjectiveTrigger.uasset" 554
"../../../../../../Documents/Unreal Projects/ThirdPersonProto1/Content/untitled_category/untitled_asset/TeleportPad.uasset" 555
"../../../../../../Documents/Unreal Projects/ThirdPersonProto1/Content/Blueprints/BP_LevelEndTeleporter.uasset" 556
"../../../Engine/Content/VREditor/BasicMeshes/T_CleanFloorGrunge_01_D.uasset" 557
"../../../Engine/Content/VREditor/BasicMeshes/M_Floor_01.uasset" 558
"../../../Engine/Content/VREditor/BasicMeshes/MI_Ball_01.uasset" 559
"../../../Engine/Content/VREditor/BasicMeshes/SM_Ball_01.uasset" 560
"../../../../../../Documents/Unreal Projects/ThirdPersonProto1/Content/Blueprints/BP_HookPoint.uasset" 561
"../../../Engine/Content/MapTemplates/SM_Template_Map_Floor.uasset" 562
"../../../Engine/Content/BasicShapes/Cube.uasset" 563
"../../../Engine/Content/EngineMaterials/DefaultDecalMaterial.uasset" 564
"../../../../../../Documents/Unreal Projects/ThirdPersonProto1/Content/ThirdPersonCPP/Maps/MovementTestMap_BuiltData.uasset" 565
"../../../../../../Documents/Unreal Projects/ThirdPersonProto1/Content/Geometry/Meshes/CubeMaterial.uasset" 566
"../../../../../../Documents/Unreal Projects/ThirdPersonProto1/Content/Geometry/Meshes/1M_Cube.uasset" 567
"../../../../../../Documents/Unreal Projects/ThirdPersonProto1/Content/Blueprints/MyMovementUpgrade.uasset" 568
"../../../../../../Documents/Unreal Projects/ThirdPersonProto1/Content/Blueprints/BP_TeleportVolume.uasset" 569
"../../../../../../Documents/Unreal Projects/ThirdPersonProto1/Content/Blueprints/BP_Teleporter.uasset" 570
"../../../../../../Documents/Unreal Projects/ThirdPersonProto1/Content/ThirdPersonCPP/Maps/MovementTestMap.umap" 571
"../../../../../../Documents/Unreal Projects/ThirdPersonProto1/Content/untitled_category/untitled_asset/Door_Mesh_Skeleton.uasset" 572
"../../../../../../Documents/Unreal Projects/ThirdPersonProto1/Content/untitled_category/untitled_asset/Door_Mesh_PhysicsAsset.uasset" 573
"../../../../../../Documents/Unreal Projects/ThirdPersonProto1/Content/untitled_category/untitled_asset/Material.uasset" 574
"../../../../../../Documents/Unreal Projects/ThirdPersonProto1/Content/untitled_category/untitled_asset/Door_Mesh.uasset" 575
"../../../../../../Documents/Unreal Projects/ThirdPersonProto1/Content/Audio/DoorOpen.uasset" 576
"../../../../../../Documents/Unreal Projects/ThirdPersonProto1/Content/untitled_category/untitled_asset/animations/DoorOpen.uasset" 577
"../../../../../../Documents/Unreal Projects/ThirdPersonProto1/Content/Audio/DoorClose.uasset" 578
"../../../../../../Documents/Unreal Projects/ThirdPersonProto1/Content/untitled_category/untitled_asset/animations/DoorClose.uasset" 579
"../../../../../../Documents/Unreal Projects/ThirdPersonProto1/Content/untitled_category/untitled_asset/Door_Mesh_AnimBP.uasset" 580
"../../../../../../Documents/Unreal Projects/ThirdPersonProto1/Content/Blueprints/BP_ObstacleDoor.uasset" 581
"../../../../../../Documents/Unreal Projects/ThirdPersonProto1/Content/Blueprints/BP_KeyPressurePlate.uasset" 582
"../../../Engine/Content/BasicShapes/BasicShapeMaterial.uasset" 583
"../../../../../../Documents/Unreal Projects/ThirdPersonProto1/Content/ThirdPersonCPP/Maps/ObstaclesTestMap_BuiltData.uasset" 584
"../../../../../../Documents/Unreal Projects/ThirdPersonProto1/Content/ThirdPersonCPP/Maps/ObstaclesTestMap.umap" 585
"../../../../../../Documents/Unreal Projects/ThirdPersonProto1/Content/Blueprints/BP_InteractionTextWidget.uasset" 586
"../../../../../../Documents/Unreal Projects/ThirdPersonProto1/Content/Blueprints/BP_InGameHUD.uasset" 587
"../../../../../../Documents/Unreal Projects/ThirdPersonProto1/Content/Blueprints/BP_GameMode.uasset" 588
"../../../Engine/Content/Functions/Engine_MaterialFunctions02/Math/TimeWithSpeedVariable.uasset" 589
"../../../Engine/Content/Functions/Engine_MaterialFunctions02/PassThrough.uasset" 590
"../../../Engine/Content/Functions/Engine_MaterialFunctions02/ExampleContent/Textures/DebugNumberPeriod.uasset" 591
"../../../Engine/Content/Functions/Engine_MaterialFunctions02/ExampleContent/DebugNumberStrip.uasset" 592
"../../../Engine/Content/Functions/Engine_MaterialFunctions01/Texturing/TextureCropping.uasset" 593
"../../../Engine/Content/Functions/Engine_MaterialFunctions01/Texturing/ComputeMipLevel.uasset" 594
"../../../Engine/Content/Functions/Engine_MaterialFunctions02/Utility/DebugScalarValues.uasset" 595
"../../../Engine/Content/Functions/Engine_MaterialFunctions02/Utility/DebugFloat4Values.uasset" 596
"../../../Engine/Content/Functions/Engine_MaterialFunctions02/Utility/DebugFloat3Values.uasset" 597
"../../../Engine/Content/Functions/Engine_MaterialFunctions02/Normals/UnpackNormalFromFloat.uasset" 598
"../../../Engine/Content/Functions/Engine_MaterialFunctions02/ExampleContent/TextureBasedWPO/DemoBox_Normals.uasset" 599
"../../../Engine/Content/Functions/Engine_MaterialFunctions02/ExampleContent/TextureBasedWPO/DemoBox.uasset" 600
"../../../Engine/Content/Functions/Engine_MaterialFunctions02/ExampleContent/Greyscale.uasset" 601
"../../../Engine/Content/Functions/Engine_MaterialFunctions02/ExampleContent/Gradient.uasset" 602
"../../../Engine/Content/Functions/Engine_MaterialFunctions02/Gradients/GradientMap_Multi.uasset" 603
"../../../Engine/Content/Functions/Engine_MaterialFunctions02/MAXScripts/MS_VertexAnimationTools_MorphTargets.uasset" 604
"../../../Engine/Content/Functions/Engine_MaterialFunctions02/Utility/LinearSine.uasset" 605
"../../../Engine/Content/Functions/Engine_MaterialFunctions02/ExampleContent/TextureBasedWPO/TextureBasedMorphDemo.uasset" 606
"../../../Engine/Content/Functions/Engine_MaterialFunctions02/ExampleContent/TextureBasedWPO/DemoBoxMesh.uasset" 607
"../../../Engine/Content/EditorMeshes/EditorSphere.uasset" 608
"../../../Engine/Content/BasicShapes/Cone.uasset" 609
"../../../../../../Documents/Unreal Projects/ThirdPersonProto1/Content/ThirdPersonCPP/Maps/ThirdPersonExampleMap_BuiltData.uasset" 610
"../../../../../../Documents/Unreal Projects/ThirdPersonProto1/Content/ThirdPerson/Meshes/RampMaterial.uasset" 611
"../../../../../../Documents/Unreal Projects/ThirdPersonProto1/Content/ThirdPerson/Meshes/RightArm_StaticMesh.uasset" 612
"../../../../../../Documents/Unreal Projects/ThirdPersonProto1/Content/ThirdPerson/Meshes/Ramp_StaticMesh.uasset" 613
"../../../../../../Documents/Unreal Projects/ThirdPersonProto1/Content/ThirdPerson/Meshes/Linear_Stair_StaticMesh.uasset" 614
"../../../../../../Documents/Unreal Projects/ThirdPersonProto1/Content/ThirdPerson/Meshes/LeftArm_StaticMesh.uasset" 615
"../../../../../../Documents/Unreal Projects/ThirdPersonProto1/Content/ThirdPerson/Meshes/Bump_StaticMesh.uasset" 616
"../../../../../../Documents/Unreal Projects/ThirdPersonProto1/Content/Geometry/Meshes/TemplateFloor.uasset" 617
"../../../../../../Documents/Unreal Projects/ThirdPersonProto1/Content/Geometry/Meshes/1M_Cube_Chamfer.uasset" 618
"../../../../../../Documents/Unreal Projects/ThirdPersonProto1/Content/ThirdPersonCPP/Maps/ThirdPersonExampleMap.umap" 619
"../../../Engine/Content/Maps/Entry_BuiltData.uasset" 620
"../../../Engine/Content/Maps/Entry.umap" 621
